<?xml version="1.0" encoding="UTF-8"?>
<!-- Generated by org.testng.reporters.JUnitXMLReporter -->
<testsuite hostname="user-PC" ignored="0" name="Surefire test" tests="3" failures="0" timestamp="2020-03-12T02:42:06 IST" time="9.792" errors="0">
  <testcase name="Test_01_verifyName" time="0.01" classname="test.automation.api.ApiTest"/>
  <testcase name="Test_02_verifyIsCanRelist" time="0.0" classname="test.automation.api.ApiTest"/>
  <testcase name="Test_03_verifyElementTextInPromotionsDescriptionT" time="0.001" classname="test.automation.api.ApiTest"/>
</testsuite> <!-- Surefire test -->
