<?xml version="1.0" encoding="UTF-8"?>
<!-- Generated by org.testng.reporters.JUnitXMLReporter -->
<testsuite hostname="user-PC" ignored="0" name="Default test" tests="3" failures="0" timestamp="2020-03-12T02:24:04 IST" time="6.68" errors="0">
  <testcase name="Test_01_verifyName" time="0.027" classname="test.automation.api.ApiTest"/>
  <testcase name="Test_02_verifyIsCanRelist" time="0.003" classname="test.automation.api.ApiTest"/>
  <testcase name="Test_03_verifyElementTextInPromotionsDescriptionT" time="0.003" classname="test.automation.api.ApiTest"/>
</testsuite> <!-- Default test -->
