<?xml version="1.0" encoding="UTF-8"?>
<testng-results skipped="0" failed="0" ignored="0" total="3" passed="3">
  <reporter-output>
    <line>
      <![CDATA[Carbon credits: matched]]>
    </line>
    <line>
      <![CDATA[CanRelist = true working fine as expected]]>
    </line>
    <line>
      <![CDATA[The Promotions element with Name = "Gallery" has a Description that contains the text "2x larger image"]]>
    </line>
  </reporter-output>
  <suite name="Default suite" duration-ms="6680" started-at="2020-03-12T02:23:57 IST" finished-at="2020-03-12T02:24:04 IST">
    <groups>
    </groups>
    <test name="Default test" duration-ms="6680" started-at="2020-03-12T02:23:57 IST" finished-at="2020-03-12T02:24:04 IST">
      <class name="test.automation.api.ApiTest">
        <test-method status="PASS" signature="setUp()[pri:0, instance:test.automation.api.ApiTest@1fc609f]" name="setUp" is-config="true" duration-ms="6535" started-at="2020-03-12T02:23:57 IST" finished-at="2020-03-12T02:24:04 IST">
          <reporter-output>
          </reporter-output>
        </test-method> <!-- setUp -->
        <test-method status="PASS" signature="Test_01_verifyName()[pri:0, instance:test.automation.api.ApiTest@1fc609f]" name="Test_01_verifyName" duration-ms="27" started-at="2020-03-12T02:24:04 IST" finished-at="2020-03-12T02:24:04 IST">
          <reporter-output>
            <line>
              <![CDATA[Carbon credits: matched]]>
            </line>
          </reporter-output>
        </test-method> <!-- Test_01_verifyName -->
        <test-method status="PASS" signature="Test_02_verifyIsCanRelist()[pri:0, instance:test.automation.api.ApiTest@1fc609f]" name="Test_02_verifyIsCanRelist" duration-ms="3" started-at="2020-03-12T02:24:04 IST" finished-at="2020-03-12T02:24:04 IST">
          <reporter-output>
            <line>
              <![CDATA[CanRelist = true working fine as expected]]>
            </line>
          </reporter-output>
        </test-method> <!-- Test_02_verifyIsCanRelist -->
        <test-method status="PASS" signature="Test_03_verifyElementTextInPromotionsDescriptionT()[pri:0, instance:test.automation.api.ApiTest@1fc609f]" name="Test_03_verifyElementTextInPromotionsDescriptionT" duration-ms="3" started-at="2020-03-12T02:24:04 IST" finished-at="2020-03-12T02:24:04 IST">
          <reporter-output>
            <line>
              <![CDATA[The Promotions element with Name = "Gallery" has a Description that contains the text "2x larger image"]]>
            </line>
          </reporter-output>
        </test-method> <!-- Test_03_verifyElementTextInPromotionsDescriptionT -->
        <test-method status="PASS" signature="closeAPIConnection()[pri:0, instance:test.automation.api.ApiTest@1fc609f]" name="closeAPIConnection" is-config="true" duration-ms="1" started-at="2020-03-12T02:24:04 IST" finished-at="2020-03-12T02:24:04 IST">
          <reporter-output>
          </reporter-output>
        </test-method> <!-- closeAPIConnection -->
      </class> <!-- test.automation.api.ApiTest -->
    </test> <!-- Default test -->
  </suite> <!-- Default suite -->
</testng-results>
